<?xml version="1.0" encoding="UTF-8"?>
<!-- Generated by org.testng.reporters.JUnitReportReporter -->
<testsuite hostname="LTIN699448" failures="0" tests="1" name="org.zigwheels.tests.electriccars.TC_8ElectricCars_DuplicateNameValidation" time="18.360" errors="0" timestamp="2026-05-05T09:37:04 IST" skipped="0">
  <testcase classname="org.zigwheels.tests.electriccars.TC_8ElectricCars_DuplicateNameValidation" name="verifyNoDuplicateElectricCarNames" time="18.360"/>
</testsuite> <!-- org.zigwheels.tests.electriccars.TC_8ElectricCars_DuplicateNameValidation -->
