<?xml version="1.0" encoding="UTF-8"?>
<!-- Generated by org.testng.reporters.JUnitReportReporter -->
<testsuite hostname="LTIN699448" failures="0" tests="1" name="org.zigwheels.tests.scooters.TC_13ValidateScootersUnder40000PriceFilter" time="11.132" errors="0" timestamp="2026-05-05T09:37:04 IST" skipped="0">
  <testcase classname="org.zigwheels.tests.scooters.TC_13ValidateScootersUnder40000PriceFilter" name="validateScootersUnder40000PriceFilter" time="11.132"/>
</testsuite> <!-- org.zigwheels.tests.scooters.TC_13ValidateScootersUnder40000PriceFilter -->
