<?xml version="1.0" encoding="UTF-8"?>
<!-- Generated by org.testng.reporters.JUnitReportReporter -->
<testsuite hostname="LTIN699448" failures="0" tests="1" name="org.zigwheels.tests.electriccars.TC_10ElectricCars_BudgetFilterValidation" time="12.531" errors="0" timestamp="2026-05-05T09:37:04 IST" skipped="0">
  <testcase classname="org.zigwheels.tests.electriccars.TC_10ElectricCars_BudgetFilterValidation" name="verifyCarsUnder20Lakh" time="12.531"/>
</testsuite> <!-- org.zigwheels.tests.electriccars.TC_10ElectricCars_BudgetFilterValidation -->
