<?xml version="1.0" encoding="UTF-8"?>
<!-- Generated by org.testng.reporters.JUnitReportReporter -->
<testsuite hostname="LTIN699448" failures="0" tests="1" name="org.zigwheels.tests.electriccars.TC_6ElectricCars_CategoryFlow" time="11.093" errors="0" timestamp="2026-05-05T09:37:04 IST" skipped="0">
  <testcase classname="org.zigwheels.tests.electriccars.TC_6ElectricCars_CategoryFlow" name="verifyElectricCarsCategoryFlow" time="11.093"/>
</testsuite> <!-- org.zigwheels.tests.electriccars.TC_6ElectricCars_CategoryFlow -->
