<?xml version="1.0" encoding="UTF-8"?>
<!-- Generated by org.testng.reporters.JUnitReportReporter -->
<testsuite hostname="LTIN699448" failures="0" tests="1" name="org.zigwheels.tests.upcomingBikes.TC_18HondaManufacturer" time="12.249" errors="0" timestamp="2026-05-05T09:37:04 IST" skipped="0">
  <testcase classname="org.zigwheels.tests.upcomingBikes.TC_18HondaManufacturer" name="verifyHondaUpcomingBikes" time="12.249"/>
</testsuite> <!-- org.zigwheels.tests.upcomingBikes.TC_18HondaManufacturer -->
