<?xml version="1.0" encoding="UTF-8"?>
<!-- Generated by org.testng.reporters.JUnitReportReporter -->
<testsuite hostname="LTIN699448" failures="0" tests="1" name="org.zigwheels.tests.scooters.TC_12SequentialScootersNavigationTest" time="13.822" errors="0" timestamp="2026-05-05T09:37:04 IST" skipped="0">
  <testcase classname="org.zigwheels.tests.scooters.TC_12SequentialScootersNavigationTest" name="testSequentialNavigationScootersOptions" time="13.822"/>
</testsuite> <!-- org.zigwheels.tests.scooters.TC_12SequentialScootersNavigationTest -->
