<?xml version="1.0" encoding="UTF-8"?>
<!-- Generated by org.testng.reporters.JUnitReportReporter -->
<testsuite hostname="LTIN699448" failures="0" tests="1" name="org.zigwheels.tests.scooters.TC_15SearchTVSJupiterUsingDropdown" time="12.355" errors="0" timestamp="2026-05-05T09:37:04 IST" skipped="0">
  <testcase classname="org.zigwheels.tests.scooters.TC_15SearchTVSJupiterUsingDropdown" name="validateTVSJupiterSearch" time="12.355"/>
</testsuite> <!-- org.zigwheels.tests.scooters.TC_15SearchTVSJupiterUsingDropdown -->
