<?xml version="1.0" encoding="UTF-8"?>
<!-- Generated by org.testng.reporters.JUnitReportReporter -->
<testsuite hostname="LTIN699448" failures="0" tests="1" name="org.zigwheels.tests.usedcars.TC_23UsedCars_ValidateSortDropdown" time="11.629" errors="0" timestamp="2026-05-05T09:37:04 IST" skipped="0">
  <testcase classname="org.zigwheels.tests.usedcars.TC_23UsedCars_ValidateSortDropdown" name="validateSortDropdownLowToHighSelection" time="11.629"/>
</testsuite> <!-- org.zigwheels.tests.usedcars.TC_23UsedCars_ValidateSortDropdown -->
