<?xml version="1.0" encoding="UTF-8"?>
<!-- Generated by org.testng.reporters.JUnitReportReporter -->
<testsuite hostname="LTIN699448" failures="0" tests="1" name="org.zigwheels.tests.scooters.TC_14ValidateTVSBrandScootersTest" time="12.258" errors="0" timestamp="2026-05-05T09:37:04 IST" skipped="0">
  <testcase classname="org.zigwheels.tests.scooters.TC_14ValidateTVSBrandScootersTest" name="validateAndExportTVSScooters" time="12.258"/>
</testsuite> <!-- org.zigwheels.tests.scooters.TC_14ValidateTVSBrandScootersTest -->
