<?xml version="1.0" encoding="UTF-8"?>
<!-- Generated by org.testng.reporters.JUnitXMLReporter -->
<testsuite ignored="0" hostname="LTIN699448" failures="0" tests="25" name="ZigWheels Tests" time="362.496" errors="0" timestamp="2026-05-05T09:37:04 IST">
  <testcase classname="org.zigwheels.tests.cng.TC_1CngCarsNavigationTest" name="verifyCngCarsNavigation" time="3.492"/>
  <testcase classname="org.zigwheels.tests.electriccars.TC_10ElectricCars_BudgetFilterValidation" name="verifyCarsUnder20Lakh" time="4.864"/>
  <testcase classname="org.zigwheels.tests.scooters.TC_11ScootersDropdownTest" name="testDropdownVisibility" time="0.285"/>
  <testcase classname="org.zigwheels.tests.upcomingBikes.TC_16GetUrl" name="verifyUpcomingBikesFlow" time="3.447"/>
  <testcase classname="org.zigwheels.tests.usedcars.TC_21UsedCars_ValidateChennaiLocation" name="validateChennaiLocationSelected" time="11.512"/>
  <testcase classname="org.zigwheels.tests.cng.TC_2CngCarsPriceRangeTest" name="verifyCarsInPriceRange" time="5.694"/>
  <testcase classname="org.zigwheels.tests.electriccars.TC_6ElectricCars_CategoryFlow" name="verifyElectricCarsCategoryFlow" time="3.078"/>
  <testcase classname="org.zigwheels.tests.scooters.TC_12SequentialScootersNavigationTest" name="testSequentialNavigationScootersOptions" time="5.633"/>
  <testcase classname="org.zigwheels.tests.upcomingBikes.TC_17BikesUnder5lkhs" name="upcomingBikesRange" time="5.529"/>
  <testcase classname="org.zigwheels.tests.usedcars.TC_22UsedCars_ValidateScrollAndSearch" name="validateSearchButtonAfterScroll" time="4.439"/>
  <testcase classname="org.zigwheels.tests.cng.TC_3CngCarsEmiRangeTest" name="verifyEmiRange" time="3.411"/>
  <testcase classname="org.zigwheels.tests.electriccars.TC_7ElectricCars_CoreContent" name="verifyElectricCarsCoreContent" time="2.834"/>
  <testcase classname="org.zigwheels.tests.scooters.TC_13ValidateScootersUnder40000PriceFilter" name="validateScootersUnder40000PriceFilter" time="3.128"/>
  <testcase classname="org.zigwheels.tests.upcomingBikes.TC_18HondaManufacturer" name="verifyHondaUpcomingBikes" time="4.481"/>
  <testcase classname="org.zigwheels.tests.usedcars.TC_23UsedCars_ValidateSortDropdown" name="validateSortDropdownLowToHighSelection" time="3.751"/>
  <testcase classname="org.zigwheels.tests.cng.TC_4CngCarLowCostCity" name="LowCostCity" time="66.197"/>
  <testcase classname="org.zigwheels.tests.electriccars.TC_8ElectricCars_DuplicateNameValidation" name="verifyNoDuplicateElectricCarNames" time="2.538"/>
  <testcase classname="org.zigwheels.tests.scooters.TC_14ValidateTVSBrandScootersTest" name="validateAndExportTVSScooters" time="4.257"/>
  <testcase classname="org.zigwheels.tests.upcomingBikes.TC_19ValidateEVBikes" name="validateEVTagsOnElectricBikesPage" time="3.363"/>
  <testcase classname="org.zigwheels.tests.usedcars.TC_24UsedCars_ValidateResetFilterTest" name="validateResetFilter" time="4.906"/>
  <testcase classname="org.zigwheels.tests.cng.TC_5CngCarRatingGreater4" name="verifyCngCarsRatingGreaterThan4" time="4.145"/>
  <testcase classname="org.zigwheels.tests.electriccars.TC_9ElectricCars_PriceIntegrity" name="verifyElectricCarsPriceIntegrity" time="3.611"/>
  <testcase classname="org.zigwheels.tests.scooters.TC_15SearchTVSJupiterUsingDropdown" name="validateTVSJupiterSearch" time="4.149"/>
  <testcase classname="org.zigwheels.tests.upcomingBikes.TC_20ElectricBikesUnder50K" name="verifyAllBikePricesAreUnder50K" time="2.869"/>
  <testcase classname="org.zigwheels.tests.usedcars.TC_25UsedCars_ExtractPopularModels" name="extractAndStorePopularModels" time="3.042"/>
</testsuite> <!-- ZigWheels Tests -->
